2009-08-06 18:20:05 r7111 Python 2.5.2 
2009-08-06 18:22:21 r7111 Python 2.5.2 pydoc "wikipedia"
2009-08-06 18:24:15 r7111 Python 2.5.2 pydoc "-w" "add_text.py" "add_text.pyc" "archive" "archivebot.py" "archivebot.pyc" "articlenos.py" "articlenos.pyc" "basic.py" "basic.pyc" "BeautifulSoup.py" "BeautifulSoup.pyc" "blockpageschecker.py" "blockpageschecker.pyc" "cache" "capitalize_redirects.py" "capitalize_redirects.pyc" "casechecker.py" "catall.py" "category" "category.py" "category_redirect.py" "catlib.py" "censure.py" "cfd.py" "checkimages.py" "clean_sandbox.py" "commons_category_redirect.py" "commonscat.py" "commonsdelinker" "commons_link.py" "config.py" "config.pyc" "CONTENTS" "copyright" "copyright_clean.py" "copyright_put.py" "copyright.py" "cosmetic_changes.py" "daemonize.py" "date.py" "deadlinks" "deledpimage.py" "delete.py" "delinker.py" "disambiguations" "disambredir.py" "diskcache.py" "djvutext.py" "editarticle.py" "extract_wikilinks.py" "families" "family.py" "family.pyc" "featured" "featured.py" "fixes.py" "fixing_redirects.py" "followlive.py" "generate_user_files.py" "generate_user_files.pyc" "get.py" "gui.py" "imagecopy.py" "imageharvest.py" "image.py" "imagerecat.py" "imagetransfer.py" "imageuncat.py" "inline_images.py" "interwiki-dumps" "interwiki_graph.py" "interwiki-graphs" "interwiki.py" "isbn.py" "LICENSE" "login-data" "logindata.py" "login.py" "login.pyc" "logs" "lonelypages.py" "maintainer.py" "maintcont.py" "maintenance" "makecat.py" "match_images.py" "misspelling.py" "movepages.py" "mysql_autoconnection.py" "noreferences.py" "nowcommons.py" "pagefromfile.py" "pagegenerators.py" "pagegenerators.pyc" "pageimport.py" "piper.py" "protect.py" "query.py" "query.pyc" "rciw.py" "rcsort.py" "redirect.py" "refcheck.py" "reflinks.py" "replace.py" "revertbot.py" "saveHTML.py" "selflink.py" "simple_family.py" "simplejson" "solve_disambiguation.py" "spamremove.py" "speedy_delete.py" "spellcheck.py" "spelling" "splitwarning.py" "standardize_interwiki.py" "standardize_notes.py" "table2wiki.py" "templatecount.py" "template.py" "testfamily.py" "test.py" "tests" "titletranslate.py" "udp-log.py" "unlink.py" "unusedfiles.py" "upload.py" "user-config.py" "userinterfaces" "userlib.py" "us-states.py" "version" "version.py" "version.pyc" "warnfile.py" "watchlist.py" "watchlists" "weblinkchecker.py" "welcome.py" "wikicomserver.py" "wikipedia.py" "wikipedia.pyc" "wikipediatools.py" "wikipediatools.pyc" "wiktionary" "wiktionary.py" "xmlreader.py" "xmlreader.pyc" "xmltest.py" "doc"
2010-06-07 21:25:47 r8257 Python 2.6.4 login.py
2010-06-10 01:29:06 r8257 Python 2.6.4 getPage.py
2010-06-10 01:33:38 r8257 Python 2.6.4 getPage.py
2010-06-10 01:34:45 r8257 Python 2.6.4 getPage.py
2010-06-10 01:35:53 r8257 Python 2.6.4 getPage.py
2010-06-10 01:36:43 r8257 Python 2.6.4 getPage.py
2010-06-10 01:37:11 r8257 Python 2.6.4 getPage.py
2010-06-10 01:41:22 r8257 Python 2.6.4 getPage.py
2010-06-10 01:58:22 r8257 Python 2.6.4 getPage.py
2010-06-10 01:59:40 r8257 Python 2.6.4 getPage.py
2010-06-10 02:11:59 r8257 Python 2.6.4 getPage.py
2010-06-10 02:15:43 r8257 Python 2.6.4 getPage.py
2010-06-10 02:16:17 r8257 Python 2.6.4 getPage.py
2010-06-10 02:16:47 r8257 Python 2.6.4 getPage.py
2010-06-10 02:29:45 r8257 Python 2.6.4 getPage.py
2010-06-10 20:29:00 r8257 Python 2.6.4 getPage.py
2010-06-10 20:29:40 r8257 Python 2.6.4 getPage.py
2010-06-10 20:30:01 r8257 Python 2.6.4 getPage.py
2010-06-10 20:30:52 r8257 Python 2.6.4 getPage.py
2010-06-10 20:58:43 r8257 Python 2.6.4 getPage.py
2010-06-10 21:31:01 r8257 Python 2.6.4 getPage.py
2010-06-12 19:07:20 r8257 Python 2.6.4 getPage.py
2010-06-12 19:09:35 r8257 Python 2.6.4 getPage.py
2010-06-12 19:11:41 r8257 Python 2.6.4 getPage.py
2010-06-12 19:13:16 r8257 Python 2.6.4 getPage.py
2010-06-12 19:14:31 r8257 Python 2.6.4 getPage.py
2010-06-12 19:19:36 r8257 Python 2.6.4 getPage.py
2010-06-12 19:20:29 r8257 Python 2.6.4 getPage.py
2010-06-12 19:21:30 r8257 Python 2.6.4 getPage.py
2010-06-12 19:23:29 r8257 Python 2.6.4 getPage.py
2010-06-12 19:24:41 r8257 Python 2.6.4 getPage.py
2010-06-12 19:27:31 r8257 Python 2.6.4 getPage.py
2010-06-12 19:28:45 r8257 Python 2.6.4 getPage.py
2010-06-13 00:15:37 r8257 Python 2.6.4 getPage.py
2010-06-13 01:03:32 r8257 Python 2.6.4 xmlreader.py
2010-06-13 01:49:25 r8257 Python 2.6.4 getPage.py
2010-06-13 01:55:12 r8257 Python 2.6.4 getPage.py
2010-06-13 01:57:01 r8257 Python 2.6.4 getPage.py
2010-06-14 21:50:29 r8257 Python 2.6.4 getPage.py
2010-06-14 22:02:19 r8257 Python 2.6.4 getPage.py
2010-06-14 22:13:42 r8257 Python 2.6.4 getPage.py
2010-06-14 22:17:10 r8257 Python 2.6.4 getPage.py
2010-06-14 22:17:35 r8257 Python 2.6.4 getPage.py
2010-06-14 22:22:25 r8257 Python 2.6.4 getPage.py
2010-06-15 18:26:50 r8257 Python 2.6.4 getPage.py
2010-06-15 18:27:06 r8257 Python 2.6.4 getPage.py
2010-06-15 18:31:43 r8257 Python 2.6.4 getPage.py
2010-06-15 18:58:23 r8257 Python 2.6.4 getPage.py
2010-06-15 18:59:22 r8257 Python 2.6.4 getPage.py
2010-06-15 18:59:32 r8257 Python 2.6.4 getPage.py
2010-06-15 19:01:14 r8257 Python 2.6.4 getPage.py
2010-06-15 19:03:27 r8257 Python 2.6.4 getPage.py
2010-06-15 19:06:15 r8257 Python 2.6.4 getPage.py
2010-06-15 20:38:37 r8257 Python 2.6.4 getPage.py
2010-06-15 20:39:03 r8257 Python 2.6.4 getPage.py
2010-06-15 20:39:24 r8257 Python 2.6.4 getPage.py
2010-06-15 20:40:36 r8257 Python 2.6.4 getPage.py
2010-06-15 20:47:36 r8257 Python 2.6.4 getPage.py
2010-06-15 20:49:21 r8257 Python 2.6.4 getPage.py
2010-06-15 20:50:16 r8257 Python 2.6.4 getPage.py
2010-06-15 21:15:48 r8257 Python 2.6.4 getPage.py
2010-06-15 21:31:28 r8257 Python 2.6.4 getPage.py
2010-06-15 21:34:15 r8257 Python 2.6.4 getPage.py
2010-06-15 21:36:05 r8257 Python 2.6.4 getPage.py
2010-06-15 21:44:36 r8257 Python 2.6.4 getPage.py
2010-06-15 21:48:39 r8257 Python 2.6.4 getPage.py
2010-06-15 21:50:31 r8257 Python 2.6.4 getPage.py
2010-06-15 22:13:20 r8257 Python 2.6.4 getPage.py
2010-06-15 22:15:29 r8257 Python 2.6.4 getPage.py
2010-06-15 22:19:10 r8257 Python 2.6.4 getPage.py
2010-06-15 22:30:36 r8257 Python 2.6.4 getPage.py
2010-06-15 22:34:19 r8257 Python 2.6.4 getPage.py
2010-06-15 22:36:28 r8257 Python 2.6.4 getPage.py
2010-06-15 22:37:36 r8257 Python 2.6.4 getPage.py
2010-06-15 22:39:05 r8257 Python 2.6.4 getPage.py
2010-06-15 22:42:09 r8257 Python 2.6.4 getPage.py
2010-06-15 22:43:47 r8257 Python 2.6.4 getPage.py
2010-06-15 22:45:25 r8257 Python 2.6.4 getPage.py
2010-06-15 22:48:05 r8257 Python 2.6.4 getPage.py
2010-06-16 18:57:30 r8257 Python 2.6.4 getPage.py
2010-06-16 18:58:20 r8257 Python 2.6.4 getPage.py
2010-06-16 18:59:29 r8257 Python 2.6.4 getPage.py
2010-06-16 19:00:47 r8257 Python 2.6.4 getPage.py
2010-06-16 19:05:09 r8257 Python 2.6.4 getPage.py
2010-06-16 19:10:40 r8257 Python 2.6.4 getPage.py
2010-06-16 19:14:15 r8257 Python 2.6.4 getPage.py
2010-06-16 19:17:34 r8257 Python 2.6.4 getPage.py
2010-06-16 19:18:56 r8257 Python 2.6.4 getPage.py
2010-06-16 19:21:38 r8257 Python 2.6.4 getPage.py
2010-06-16 19:23:10 r8257 Python 2.6.4 getPage.py
2010-06-16 19:24:25 r8257 Python 2.6.4 getPage.py
2010-06-16 19:25:45 r8257 Python 2.6.4 getPage.py
2010-06-16 19:28:28 r8257 Python 2.6.4 getPage.py
2010-06-16 19:32:33 r8257 Python 2.6.4 getPage.py
2010-06-16 19:35:18 r8257 Python 2.6.4 getPage.py
2010-06-16 19:38:37 r8257 Python 2.6.4 getPage.py
2010-06-17 20:42:16 r8257 Python 2.6.4 getPage.py
2010-06-17 20:45:30 r8257 Python 2.6.4 getPage.py
2010-06-17 20:48:38 r8257 Python 2.6.4 getPage.py
2010-06-17 20:52:29 r8257 Python 2.6.4 getPage.py
2010-06-17 20:56:19 r8257 Python 2.6.4 getPage.py
2010-06-17 21:00:03 r8257 Python 2.6.4 getPage.py
2010-06-17 21:03:06 r8257 Python 2.6.4 getPage.py
2010-06-17 21:09:06 r8257 Python 2.6.4 getPage.py
2010-06-22 16:42:26 r8257 Python 2.6.4 ConceptRecognizer.py
2010-06-22 22:50:07 r8257 Python 2.6.4 ConceptRecognizer.py
2010-06-23 00:48:57 r8257 Python 2.6.4 ConceptRecognizer.py
2010-06-23 01:14:33 r8257 Python 2.6.4 ConceptRecognizer.py
2010-06-23 01:41:24 r8257 Python 2.6.4 ConceptRecognizer.py
2010-06-23 17:15:53 r8257 Python 2.6.4 RecognizerTest.py
2010-06-24 15:43:32 r8257 Python 2.6.4 getPage.py
2010-06-24 15:54:11 r8257 Python 2.6.4 getPage.py
2010-06-24 20:27:03 r8257 Python 2.6.4 pagegenerators.py
2010-06-24 21:05:40 r8257 Python 2.6.4 getPage.py
2010-06-24 21:06:12 r8257 Python 2.6.4 getPage.py
2010-06-24 21:10:58 r8257 Python 2.6.4 getPage.py
2010-06-24 21:16:33 r8257 Python 2.6.4 getPage.py
2010-06-24 21:25:49 r8257 Python 2.6.4 getPage.py
2010-06-24 21:35:36 r8257 Python 2.6.4 getPage.py
2010-06-24 21:57:43 r8257 Python 2.6.4 getPage.py
2010-06-24 22:03:45 r8257 Python 2.6.4 getPage.py
2010-06-25 02:12:04 r8257 Python 2.6.4 getPage.py
2010-06-25 02:13:48 r8257 Python 2.6.4 getPage.py
2010-06-25 02:15:58 r8257 Python 2.6.4 getPage.py
2010-06-25 02:32:43 r8257 Python 2.6.4 getPage.py
2010-06-25 15:36:43 r8257 Python 2.6.4 getPage.py
2010-06-25 22:18:00 r8257 Python 2.6.4 ConceptRecognizer.py
2010-06-25 22:26:36 r8257 Python 2.6.4 ConceptRecognizer.py
2010-06-25 22:33:28 r8257 Python 2.6.4 ConceptRecognizer.py
2010-06-25 22:44:15 r8257 Python 2.6.4 ConceptRecognizer.py
